Build started at 2026-04-02 20:27:59
========================================
[00-rebrand-hydration] PASS
[01-critical-dates-colors] PASS
[02-pdf-panel-overhaul] PASS
[03-buttons-chat-history] PASS
[04-auth-system] PASS
[05-risk-scoring] PASS
[06-cam-forensic-audit] PASS
[07-lease-comparison] PASS
[08-portfolio-analytics] PASS
[09-cmd-k-notifications] PASS
[10-onboarding] PASS
[11-tenant-only] PASS
[12-ux-polish] PASS
[13-landing-page] PASS
[14-mobile-responsive] PASS
[15-exports-docs] PASS
[16-frontend-audit] PASS
[17-backend-security-audit] PASS
========================================
Completed at 2026-04-02 21:14:10
TOTAL=18 PASS=18 FAIL=0 SKIP=0
