▲ Next.js 16.2.1 (Turbopack)
- Environments: .env.local

  Creating an optimized production build ...
✓ Compiled successfully in 1990ms
  Running TypeScript ...
  Finished TypeScript in 2.5s ...
  Collecting page data using 23 workers ...
  Generating static pages using 23 workers (0/24) ...
  Generating static pages using 23 workers (6/24) 
  Generating static pages using 23 workers (12/24) 
  Generating static pages using 23 workers (18/24) 
✓ Generating static pages using 23 workers (24/24) in 317ms
  Finalizing page optimization ...

Route (app)
┌ ƒ /
├ ○ /_not-found
├ ƒ /api/auth/signout
├ ƒ /api/cam-analysis
├ ƒ /api/cam-reconciliation
├ ƒ /api/chat
├ ƒ /api/conversations
├ ƒ /api/conversations/[id]
├ ƒ /api/documents
├ ƒ /api/documents/[id]/url
├ ƒ /api/documents/reprocess
├ ƒ /api/documents/signed-url
├ ƒ /api/lease-clauses
├ ƒ /api/lease-summary
├ ƒ /api/lease-summary/generate
├ ƒ /api/obligations
├ ƒ /api/obligations/generate
├ ƒ /api/occupancy-cost
├ ƒ /api/percentage-rent
├ ƒ /api/settings
├ ƒ /api/stores
├ ƒ /api/stores/[id]/detect-asset-class
├ ƒ /api/team
├ ƒ /api/upload
├ ○ /chat
├ ƒ /dashboard
├ ƒ /location/[id]
├ ○ /login
├ ƒ /onboarding
├ ƒ /settings
└ ƒ /upload


○  (Static)   prerendered as static content
ƒ  (Dynamic)  server-rendered on demand

